<?xml version="1.0" encoding="UTF-8"?>
<testng-results ignored="0" total="5" passed="4" failed="1" skipped="0">
  <reporter-output>
  </reporter-output>
  <suite started-at="2021-09-04T19:29:44 IST" name="Suite" finished-at="2021-09-04T19:32:15 IST" duration-ms="151123">
    <groups>
    </groups>
    <test started-at="2021-09-04T19:29:44 IST" name="Test" finished-at="2021-09-04T19:32:15 IST" duration-ms="151123">
      <class name="testcase.DeleteLead">
        <test-method is-config="true" signature="commonMethod()[pri:0, instance:testcase.DeleteLead@1cf6d1be]" started-at="2021-09-04T19:30:18 IST" name="commonMethod" finished-at="2021-09-04T19:30:37 IST" duration-ms="18370" status="PASS">
          <reporter-output>
          </reporter-output>
        </test-method> <!-- commonMethod -->
        <test-method signature="runDeleteLead()[pri:0, instance:testcase.DeleteLead@1cf6d1be]" started-at="2021-09-04T19:30:37 IST" name="runDeleteLead" finished-at="2021-09-04T19:30:48 IST" duration-ms="11144" status="PASS">
          <reporter-output>
          </reporter-output>
        </test-method> <!-- runDeleteLead -->
        <test-method is-config="true" signature="close()[pri:0, instance:testcase.DeleteLead@1cf6d1be]" started-at="2021-09-04T19:30:48 IST" name="close" finished-at="2021-09-04T19:30:48 IST" duration-ms="263" status="PASS">
          <reporter-output>
          </reporter-output>
        </test-method> <!-- close -->
      </class> <!-- testcase.DeleteLead -->
      <class name="testcase.EditLead">
        <test-method is-config="true" signature="commonMethod()[pri:0, instance:testcase.EditLead@20140db9]" started-at="2021-09-04T19:29:44 IST" name="commonMethod" finished-at="2021-09-04T19:30:05 IST" duration-ms="20134" status="PASS">
          <reporter-output>
          </reporter-output>
        </test-method> <!-- commonMethod -->
        <test-method signature="runEdit()[pri:0, instance:testcase.EditLead@20140db9]" started-at="2021-09-04T19:30:05 IST" name="runEdit" finished-at="2021-09-04T19:30:14 IST" duration-ms="9812" status="PASS">
          <reporter-output>
          </reporter-output>
        </test-method> <!-- runEdit -->
        <test-method is-config="true" signature="close()[pri:0, instance:testcase.EditLead@20140db9]" started-at="2021-09-04T19:30:14 IST" name="close" finished-at="2021-09-04T19:30:18 IST" duration-ms="4136" status="PASS">
          <reporter-output>
          </reporter-output>
        </test-method> <!-- close -->
      </class> <!-- testcase.EditLead -->
      <class name="testcase.CreateLead">
        <test-method is-config="true" signature="commonMethod()[pri:0, instance:testcase.CreateLead@663c9e7a]" started-at="2021-09-04T19:30:48 IST" name="commonMethod" finished-at="2021-09-04T19:31:06 IST" duration-ms="17587" status="PASS">
          <reporter-output>
          </reporter-output>
        </test-method> <!-- commonMethod -->
        <test-method signature="runcreateLead()[pri:0, instance:testcase.CreateLead@663c9e7a]" started-at="2021-09-04T19:31:06 IST" name="runcreateLead" finished-at="2021-09-04T19:31:12 IST" duration-ms="6436" status="PASS">
          <reporter-output>
          </reporter-output>
        </test-method> <!-- runcreateLead -->
        <test-method is-config="true" signature="close()[pri:0, instance:testcase.CreateLead@663c9e7a]" started-at="2021-09-04T19:31:12 IST" name="close" finished-at="2021-09-04T19:31:12 IST" duration-ms="135" status="PASS">
          <reporter-output>
          </reporter-output>
        </test-method> <!-- close -->
      </class> <!-- testcase.CreateLead -->
      <class name="testcase.MergeLead">
        <test-method is-config="true" signature="commonMethod()[pri:0, instance:testcase.MergeLead@19e4653c]" started-at="2021-09-04T19:31:12 IST" name="commonMethod" finished-at="2021-09-04T19:31:31 IST" duration-ms="18631" status="PASS">
          <reporter-output>
          </reporter-output>
        </test-method> <!-- commonMethod -->
        <test-method signature="runMergeLead()[pri:0, instance:testcase.MergeLead@19e4653c]" started-at="2021-09-04T19:31:31 IST" name="runMergeLead" finished-at="2021-09-04T19:31:45 IST" duration-ms="14345" status="FAIL">
          <exception class="org.openqa.selenium.NoSuchElementException">
            <message>
              <![CDATA[no such element: Unable to locate element: {"method":"xpath","selector":"//div[@class='x-grid3-cell-inner x-grid3-col-partyId']/a"}
  (Session info: chrome=93.0.4577.63)
For documentation on this error, please visit: https://selenium.dev/exceptions/#no_such_element
Build info: version: '4.0.0-alpha-6', revision: '5f43a29cfc'
System info: host: 'DESKTOP-4DMM42L', ip: '192.168.10.6', os.name: 'Windows 10', os.arch: 'amd64', os.version: '10.0', java.version: '16.0.1'
Driver info: org.openqa.selenium.chrome.ChromeDriver
Capabilities {acceptInsecureCerts: false, browserName: chrome, browserVersion: 93.0.4577.63, chrome: {chromedriverVersion: 93.0.4577.15 (660fc11082ba5..., userDataDir: C:\Users\babuv\AppData\Loca...}, goog:chromeOptions: {debuggerAddress: localhost:59337}, javascriptEnabled: true, networkConnectionEnabled: false, pageLoadStrategy: normal, platform: WINDOWS, platformName: WINDOWS, proxy: Proxy(), setWindowRect: true, strictFileInteractability: false, timeouts: {implicit: 0, pageLoad: 300000, script: 30000}, unhandledPromptBehavior: dismiss and notify, webauthn:extension:credBlob: true, webauthn:extension:largeBlob: true, webauthn:virtualAuthenticators: true}
Session ID: 57dd4edec50364fb977272705f473812
*** Element info: {Using=xpath, value=//div[@class='x-grid3-cell-inner x-grid3-col-partyId']/a}]]>
            </message>
            <full-stacktrace>
              <![CDATA[org.openqa.selenium.NoSuchElementException: no such element: Unable to locate element: {"method":"xpath","selector":"//div[@class='x-grid3-cell-inner x-grid3-col-partyId']/a"}
  (Session info: chrome=93.0.4577.63)
For documentation on this error, please visit: https://selenium.dev/exceptions/#no_such_element
Build info: version: '4.0.0-alpha-6', revision: '5f43a29cfc'
System info: host: 'DESKTOP-4DMM42L', ip: '192.168.10.6', os.name: 'Windows 10', os.arch: 'amd64', os.version: '10.0', java.version: '16.0.1'
Driver info: org.openqa.selenium.chrome.ChromeDriver
Capabilities {acceptInsecureCerts: false, browserName: chrome, browserVersion: 93.0.4577.63, chrome: {chromedriverVersion: 93.0.4577.15 (660fc11082ba5..., userDataDir: C:\Users\babuv\AppData\Loca...}, goog:chromeOptions: {debuggerAddress: localhost:59337}, javascriptEnabled: true, networkConnectionEnabled: false, pageLoadStrategy: normal, platform: WINDOWS, platformName: WINDOWS, proxy: Proxy(), setWindowRect: true, strictFileInteractability: false, timeouts: {implicit: 0, pageLoad: 300000, script: 30000}, unhandledPromptBehavior: dismiss and notify, webauthn:extension:credBlob: true, webauthn:extension:largeBlob: true, webauthn:virtualAuthenticators: true}
Session ID: 57dd4edec50364fb977272705f473812
*** Element info: {Using=xpath, value=//div[@class='x-grid3-cell-inner x-grid3-col-partyId']/a}
at java.base/jdk.internal.reflect.NativeConstructorAccessorImpl.newInstance0(Native Method)
at java.base/jdk.internal.reflect.NativeConstructorAccessorImpl.newInstance(NativeConstructorAccessorImpl.java:78)
at java.base/jdk.internal.reflect.DelegatingConstructorAccessorImpl.newInstance(DelegatingConstructorAccessorImpl.java:45)
at java.base/java.lang.reflect.Constructor.newInstanceWithCaller(Constructor.java:499)
at java.base/java.lang.reflect.Constructor.newInstance(Constructor.java:480)
at org.openqa.selenium.remote.codec.w3c.W3CHttpResponseCodec.createException(W3CHttpResponseCodec.java:196)
at org.openqa.selenium.remote.codec.w3c.W3CHttpResponseCodec.decode(W3CHttpResponseCodec.java:129)
at org.openqa.selenium.remote.codec.w3c.W3CHttpResponseCodec.decode(W3CHttpResponseCodec.java:53)
at org.openqa.selenium.remote.HttpCommandExecutor.execute(HttpCommandExecutor.java:160)
at org.openqa.selenium.remote.service.DriverCommandExecutor.execute(DriverCommandExecutor.java:83)
at org.openqa.selenium.remote.RemoteWebDriver.execute(RemoteWebDriver.java:582)
at org.openqa.selenium.remote.RemoteWebDriver.findElement(RemoteWebDriver.java:333)
at org.openqa.selenium.remote.RemoteWebDriver.findElementByXPath(RemoteWebDriver.java:451)
at org.openqa.selenium.By$ByXPath.findElement(By.java:394)
at org.openqa.selenium.remote.RemoteWebDriver.findElement(RemoteWebDriver.java:325)
at testcase.MergeLead.runMergeLead(MergeLead.java:27)
at java.base/jdk.internal.reflect.NativeMethodAccessorImpl.invoke0(Native Method)
at java.base/jdk.internal.reflect.NativeMethodAccessorImpl.invoke(NativeMethodAccessorImpl.java:78)
at java.base/jdk.internal.reflect.DelegatingMethodAccessorImpl.invoke(DelegatingMethodAccessorImpl.java:43)
at java.base/java.lang.reflect.Method.invoke(Method.java:567)
at org.testng.internal.MethodInvocationHelper.invokeMethod(MethodInvocationHelper.java:133)
at org.testng.internal.TestInvoker.invokeMethod(TestInvoker.java:598)
at org.testng.internal.TestInvoker.invokeTestMethod(TestInvoker.java:173)
at org.testng.internal.MethodRunner.runInSequence(MethodRunner.java:46)
at org.testng.internal.TestInvoker$MethodInvocationAgent.invoke(TestInvoker.java:824)
at org.testng.internal.TestInvoker.invokeTestMethods(TestInvoker.java:146)
at org.testng.internal.TestMethodWorker.invokeTestMethods(TestMethodWorker.java:146)
at org.testng.internal.TestMethodWorker.run(TestMethodWorker.java:128)
at java.base/java.util.ArrayList.forEach(ArrayList.java:1511)
at org.testng.TestRunner.privateRun(TestRunner.java:794)
at org.testng.TestRunner.run(TestRunner.java:596)
at org.testng.SuiteRunner.runTest(SuiteRunner.java:377)
at org.testng.SuiteRunner.runSequentially(SuiteRunner.java:371)
at org.testng.SuiteRunner.privateRun(SuiteRunner.java:332)
at org.testng.SuiteRunner.run(SuiteRunner.java:276)
at org.testng.SuiteRunnerWorker.runSuite(SuiteRunnerWorker.java:53)
at org.testng.SuiteRunnerWorker.run(SuiteRunnerWorker.java:96)
at org.testng.TestNG.runSuitesSequentially(TestNG.java:1212)
at org.testng.TestNG.runSuitesLocally(TestNG.java:1134)
at org.testng.TestNG.runSuites(TestNG.java:1063)
at org.testng.TestNG.run(TestNG.java:1031)
at org.testng.remote.AbstractRemoteTestNG.run(AbstractRemoteTestNG.java:115)
at org.testng.remote.RemoteTestNG.initAndRun(RemoteTestNG.java:251)
at org.testng.remote.RemoteTestNG.main(RemoteTestNG.java:77)
]]>
            </full-stacktrace>
          </exception> <!-- org.openqa.selenium.NoSuchElementException -->
          <reporter-output>
          </reporter-output>
        </test-method> <!-- runMergeLead -->
        <test-method is-config="true" signature="close()[pri:0, instance:testcase.MergeLead@19e4653c]" started-at="2021-09-04T19:31:45 IST" name="close" finished-at="2021-09-04T19:31:46 IST" duration-ms="104" status="PASS">
          <reporter-output>
          </reporter-output>
        </test-method> <!-- close -->
      </class> <!-- testcase.MergeLead -->
      <class name="testcase.DuplicateLead">
        <test-method is-config="true" signature="commonMethod()[pri:0, instance:testcase.DuplicateLead@795509d9]" started-at="2021-09-04T19:31:46 IST" name="commonMethod" finished-at="2021-09-04T19:32:04 IST" duration-ms="18664" status="PASS">
          <reporter-output>
          </reporter-output>
        </test-method> <!-- commonMethod -->
        <test-method signature="runDuplicateLead()[pri:0, instance:testcase.DuplicateLead@795509d9]" started-at="2021-09-04T19:32:04 IST" name="runDuplicateLead" finished-at="2021-09-04T19:32:15 IST" duration-ms="11153" status="PASS">
          <reporter-output>
          </reporter-output>
        </test-method> <!-- runDuplicateLead -->
        <test-method is-config="true" signature="close()[pri:0, instance:testcase.DuplicateLead@795509d9]" started-at="2021-09-04T19:32:15 IST" name="close" finished-at="2021-09-04T19:32:15 IST" duration-ms="130" status="PASS">
          <reporter-output>
          </reporter-output>
        </test-method> <!-- close -->
      </class> <!-- testcase.DuplicateLead -->
    </test> <!-- Test -->
  </suite> <!-- Suite -->
</testng-results>
